<?xml version="1.0" encoding="UTF-8"?>
<!-- Generated by org.testng.reporters.JUnitXMLReporter -->
<testsuite ignored="0" hostname="DESKTOP-TE8S2PR" failures="0" tests="1" name="Default test" time="0.105" errors="0" timestamp="2022-04-06T01:09:29 IST">
  <testcase classname="ctWithPOMwithTestngUsingDDF.ValidateUserID" name="@BeforeClass launchingBrowser" time="-1.649187569611E9">
    <failure type="org.testng.TestNGException" message="
Parameter &amp;apos;browserName&amp;apos; is required by BeforeClass on method launchingBrowser but has not been marked @Optional or defined
in C:\Users\Avinash\AppData\Local\Temp\testng-eclipse-1187595307\testng-customsuite.xml">
      <![CDATA[org.testng.TestNGException: 
Parameter 'browserName' is required by BeforeClass on method launchingBrowser but has not been marked @Optional or defined
in C:\Users\Avinash\AppData\Local\Temp\testng-eclipse-1187595307\testng-customsuite.xml
at org.testng.internal.Parameters.createParams(Parameters.java:270)
at org.testng.internal.Parameters.createParametersForMethod(Parameters.java:358)
at org.testng.internal.Parameters.createParameters(Parameters.java:700)
at org.testng.internal.Parameters.createConfigurationParameters(Parameters.java:168)
at org.testng.internal.ConfigInvoker.invokeConfigurations(ConfigInvoker.java:302)
at org.testng.internal.TestMethodWorker.invokeBeforeClassMethods(TestMethodWorker.java:176)
at org.testng.internal.TestMethodWorker.run(TestMethodWorker.java:122)
at java.base/java.util.ArrayList.forEach(ArrayList.java:1541)
at org.testng.TestRunner.privateRun(TestRunner.java:794)
at org.testng.TestRunner.run(TestRunner.java:596)
at org.testng.SuiteRunner.runTest(SuiteRunner.java:377)
at org.testng.SuiteRunner.runSequentially(SuiteRunner.java:371)
at org.testng.SuiteRunner.privateRun(SuiteRunner.java:332)
at org.testng.SuiteRunner.run(SuiteRunner.java:276)
at org.testng.SuiteRunnerWorker.runSuite(SuiteRunnerWorker.java:53)
at org.testng.SuiteRunnerWorker.run(SuiteRunnerWorker.java:96)
at org.testng.TestNG.runSuitesSequentially(TestNG.java:1212)
at org.testng.TestNG.runSuitesLocally(TestNG.java:1134)
at org.testng.TestNG.runSuites(TestNG.java:1063)
at org.testng.TestNG.run(TestNG.java:1031)
at org.testng.remote.AbstractRemoteTestNG.run(AbstractRemoteTestNG.java:115)
at org.testng.remote.RemoteTestNG.initAndRun(RemoteTestNG.java:251)
at org.testng.remote.RemoteTestNG.main(RemoteTestNG.java:77)
]]>
    </failure>
  </testcase> <!-- @BeforeClass launchingBrowser -->
  <testcase classname="ctWithPOMwithTestngUsingDDF.ValidateUserID" name="@BeforeMethod logintoKite" time="-1.649187569656E9">
    <skipped/>
  </testcase> <!-- @BeforeMethod logintoKite -->
  <testcase classname="ctWithPOMwithTestngUsingDDF.ValidateUserID" name="@AfterMethod loggingout" time="-1.649187569669E9">
    <skipped/>
  </testcase> <!-- @AfterMethod loggingout -->
  <testcase classname="ctWithPOMwithTestngUsingDDF.ValidateUserID" name="@AfterClass closingBrowser" time="-1.649187569673E9">
    <skipped/>
  </testcase> <!-- @AfterClass closingBrowser -->
  <testcase classname="ctWithPOMwithTestngUsingDDF.ValidateUserID" name="validatingUser" time="0.0">
    <skipped/>
  </testcase> <!-- validatingUser -->
</testsuite> <!-- Default test -->
